2018-11-16 17:47:43 INFO  TestFlowDE:59 - start load data 
2018-11-16 17:47:48 INFO  TestFlowDE:62 - end start load data 
2018-11-16 17:47:48 INFO  TestFlowDE:64 - check login page 
2018-11-16 17:47:52 INFO  TestFlowDE:68 - login page loadded correctly
2018-11-16 17:47:53 INFO  TestFlowDE:69 - perform login
2018-11-16 17:47:53 INFO  TestFlowDE:73 - login succesfully
2018-11-16 17:48:00 INFO  TestFlowDE:102 - Insert Customer for credit amount = 5000
2018-11-16 17:49:38 INFO  TestFlowDE:59 - start load data 
2018-11-16 17:49:42 INFO  TestFlowDE:62 - end start load data 
2018-11-16 17:49:42 INFO  TestFlowDE:64 - check login page 
2018-11-16 17:49:46 INFO  TestFlowDE:68 - login page loadded correctly
2018-11-16 17:49:46 INFO  TestFlowDE:69 - perform login
2018-11-16 17:49:47 INFO  TestFlowDE:73 - login succesfully
2018-11-16 17:50:22 INFO  TestFlowDE:102 - Insert Customer for credit amount = 5000
2018-11-16 18:25:54 INFO  TestFlowDE:35 - start load data 
2018-11-16 18:26:48 INFO  TestFlowDE:35 - start load data 
2018-11-16 18:26:51 INFO  TestFlowDE:38 - end start load data 
2018-11-16 18:26:51 INFO  TestFlowDE:39 - check login page 
2018-11-16 18:26:54 INFO  TestFlowDE:43 - login page loadded correctly
2018-11-16 18:26:54 INFO  TestFlowDE:44 - perform login
2018-11-16 18:26:55 INFO  TestFlowDE:48 - login succesfully
2018-11-16 18:27:01 INFO  TestFlowDE:68 - Insert Customer for credit amount = 5000
2018-11-16 18:30:16 INFO  TestFlowDE:35 - start load data 
2018-11-16 18:30:20 INFO  TestFlowDE:38 - end start load data 
2018-11-16 18:30:20 INFO  TestFlowDE:39 - check login page 
2018-11-16 18:30:24 INFO  TestFlowDE:43 - login page loadded correctly
2018-11-16 18:30:24 INFO  TestFlowDE:44 - perform login
2018-11-16 18:30:25 INFO  TestFlowDE:48 - login succesfully
2018-11-16 18:30:31 INFO  TestFlowDE:68 - Insert Customer for credit amount = 5000
2018-11-16 18:33:48 INFO  TestFlowDE:35 - start load data 
2018-11-16 18:33:52 INFO  TestFlowDE:38 - end start load data 
2018-11-16 18:33:52 INFO  TestFlowDE:39 - check login page 
2018-11-16 18:33:55 INFO  TestFlowDE:43 - login page loadded correctly
2018-11-16 18:33:55 INFO  TestFlowDE:44 - perform login
2018-11-16 18:33:56 INFO  TestFlowDE:48 - login succesfully
2018-11-16 18:34:21 INFO  TestFlowDE:68 - Insert Customer for credit amount = 5000
2018-11-16 18:36:58 INFO  TestFlowDE:35 - start load data 
2018-11-16 18:37:03 INFO  TestFlowDE:38 - end start load data 
2018-11-16 18:37:03 INFO  TestFlowDE:39 - check login page 
2018-11-16 18:37:08 INFO  TestFlowDE:43 - login page loadded correctly
2018-11-16 18:37:08 INFO  TestFlowDE:44 - perform login
2018-11-16 18:37:09 INFO  TestFlowDE:48 - login succesfully
2018-11-16 18:37:15 INFO  TestFlowDE:68 - Insert Customer for credit amount = 5000
2018-11-16 18:48:03 INFO  TestFlowDE:35 - start load data 
2018-11-16 18:48:06 INFO  TestFlowDE:38 - end start load data 
2018-11-16 18:48:06 INFO  TestFlowDE:39 - check login page 
2018-11-16 18:48:11 INFO  TestFlowDE:43 - login page loadded correctly
2018-11-16 18:48:11 INFO  TestFlowDE:44 - perform login
2018-11-16 18:48:11 INFO  TestFlowDE:48 - login succesfully
2018-11-16 18:48:36 INFO  TestFlowDE:68 - Insert Customer for credit amount = 5000
2018-11-16 19:08:14 INFO  TestFlowDE:35 - start load data 
2018-11-16 19:08:17 INFO  TestFlowDE:38 - end start load data 
2018-11-16 19:08:17 INFO  TestFlowDE:39 - check login page 
2018-11-16 19:08:23 INFO  TestFlowDE:43 - login page loadded correctly
2018-11-16 19:08:23 INFO  TestFlowDE:44 - perform login
2018-11-16 19:08:23 INFO  TestFlowDE:48 - login succesfully
2018-11-16 19:08:48 INFO  TestFlowDE:68 - Insert Customer for credit amount = 5000
2018-11-16 20:18:14 INFO  TestFlowDE:35 - start load data 
2018-11-16 20:18:17 INFO  TestFlowDE:38 - end start load data 
2018-11-16 20:18:17 INFO  TestFlowDE:39 - check login page 
2018-11-16 20:18:23 INFO  TestFlowDE:43 - login page loadded correctly
2018-11-16 20:18:23 INFO  TestFlowDE:44 - perform login
2018-11-16 20:18:23 INFO  TestFlowDE:48 - login succesfully
2018-11-16 20:18:48 INFO  TestFlowDE:68 - Insert Customer for credit amount = 5000
2018-11-18 12:44:31 INFO  TestFlowDE:35 - start load data 
2018-11-18 12:44:35 INFO  TestFlowDE:38 - end start load data 
2018-11-18 12:44:35 INFO  TestFlowDE:39 - check login page 
2018-11-18 12:44:37 INFO  TestFlowDE:43 - login page loadded correctly
2018-11-18 12:44:37 INFO  TestFlowDE:44 - perform login
2018-11-18 12:44:38 INFO  TestFlowDE:48 - login succesfully
2018-11-18 12:44:43 INFO  TestFlowDE:68 - Insert Customer for credit amount = 5000
2018-11-18 12:47:54 INFO  TestFlowDE:35 - start load data 
2018-11-18 12:47:57 INFO  TestFlowDE:38 - end start load data 
2018-11-18 12:47:57 INFO  TestFlowDE:39 - check login page 
2018-11-18 12:48:02 INFO  TestFlowDE:43 - login page loadded correctly
2018-11-18 12:48:02 INFO  TestFlowDE:44 - perform login
2018-11-18 12:48:08 INFO  TestFlowDE:57 - login succesfully
2018-11-18 12:48:22 INFO  TestFlowDE:69 - Insert Customer for credit amount = 5000
2018-11-18 12:50:07 INFO  TestFlowDE:35 - start load data 
2018-11-18 12:50:10 INFO  TestFlowDE:38 - end start load data 
2018-11-18 12:50:10 INFO  TestFlowDE:39 - check login page 
2018-11-18 12:50:13 INFO  TestFlowDE:43 - login page loadded correctly
2018-11-18 12:50:13 INFO  TestFlowDE:44 - perform login
2018-11-18 12:50:19 INFO  TestFlowDE:57 - login succesfully
2018-11-18 12:50:34 INFO  TestFlowDE:69 - Insert Customer for credit amount = 5000
2018-11-18 13:00:41 INFO  TestFlowDE:35 - start load data 
2018-11-18 13:00:44 INFO  TestFlowDE:38 - end start load data 
2018-11-18 13:00:44 INFO  TestFlowDE:39 - check login page 
2018-11-18 13:00:48 INFO  TestFlowDE:43 - login page loadded correctly
2018-11-18 13:00:48 INFO  TestFlowDE:44 - perform login
2018-11-18 13:00:53 INFO  TestFlowDE:57 - login succesfully
2018-11-18 13:01:08 INFO  TestFlowDE:69 - Insert Customer for credit amount = 5000
2018-11-19 01:05:13 INFO  TestFlowDE:35 - start load data 
2018-11-19 01:05:16 INFO  TestFlowDE:38 - end start load data 
2018-11-19 01:05:16 INFO  TestFlowDE:39 - check login page 
2018-11-19 01:05:19 INFO  TestFlowDE:43 - login page loadded correctly
2018-11-19 01:05:19 INFO  TestFlowDE:44 - perform login
2018-11-19 01:05:24 INFO  TestFlowDE:57 - login succesfully
2018-11-19 01:05:39 INFO  TestFlowDE:69 - Insert Customer for credit amount = 5000
2018-11-19 01:15:27 INFO  TestFlowDE:35 - start load data 
2018-11-19 01:15:30 INFO  TestFlowDE:38 - end start load data 
2018-11-19 01:15:30 INFO  TestFlowDE:39 - check login page 
2018-11-19 01:15:33 INFO  TestFlowDE:43 - login page loadded correctly
2018-11-19 01:15:33 INFO  TestFlowDE:44 - perform login
2018-11-19 01:15:38 INFO  TestFlowDE:57 - login succesfully
2018-11-19 01:15:53 INFO  TestFlowDE:69 - Insert Customer for credit amount = 5000
2018-11-19 01:36:39 INFO  TestFlowDE:35 - start load data 
2018-11-19 01:36:44 INFO  TestFlowDE:38 - end start load data 
2018-11-19 01:36:44 INFO  TestFlowDE:39 - check login page 
2018-11-19 01:36:47 INFO  TestFlowDE:43 - login page loadded correctly
2018-11-19 01:36:47 INFO  TestFlowDE:44 - perform login
2018-11-19 01:36:53 INFO  TestFlowDE:57 - login succesfully
2018-11-19 01:37:07 INFO  TestFlowDE:69 - Insert Customer for credit amount = 5000
2018-11-19 01:40:17 INFO  TestFlowDE1:36 - start load data 
2018-11-19 01:40:20 INFO  TestFlowDE1:39 - end start load data 
2018-11-19 01:40:20 INFO  TestFlowDE1:40 - check login page 
2018-11-19 01:40:24 INFO  TestFlowDE1:44 - login page loadded correctly
2018-11-19 01:40:24 INFO  TestFlowDE1:45 - perform login
2018-11-19 01:40:30 INFO  TestFlowDE1:58 - login succesfully
2018-11-19 01:40:44 INFO  TestFlowDE1:70 - Insert Customer for credit amount = 5000
2018-11-19 01:41:35 INFO  TestFlowDE2:36 - start load data 
2018-11-19 01:41:38 INFO  TestFlowDE2:39 - end start load data 
2018-11-19 01:41:38 INFO  TestFlowDE2:40 - check login page 
2018-11-19 01:41:40 INFO  TestFlowDE2:44 - login page loadded correctly
2018-11-19 01:41:40 INFO  TestFlowDE2:45 - perform login
2018-11-19 01:41:46 INFO  TestFlowDE2:58 - login succesfully
2018-11-19 01:42:01 INFO  TestFlowDE2:70 - Insert Customer for credit amount = 5000
2018-11-21 16:26:36 INFO  TestFlowDE1:36 - start load data 
2018-11-21 16:26:39 INFO  TestFlowDE2:36 - start load data 
2018-11-21 17:43:34 INFO  TestFlowDE1:36 - start load data 
2018-11-21 17:43:40 INFO  TestFlowDE1:39 - end start load data 
2018-11-21 17:43:40 INFO  TestFlowDE1:40 - check login page 
2018-11-21 17:43:44 INFO  TestFlowDE1:44 - login page loadded correctly
2018-11-21 17:43:44 INFO  TestFlowDE1:45 - perform login
2018-11-21 17:43:44 INFO  TestFlowDE2:36 - start load data 
2018-11-21 17:43:50 INFO  TestFlowDE2:39 - end start load data 
2018-11-21 17:43:50 INFO  TestFlowDE2:40 - check login page 
2018-11-21 17:43:55 INFO  TestFlowDE2:44 - login page loadded correctly
2018-11-21 17:43:55 INFO  TestFlowDE2:45 - perform login
2018-11-21 17:44:01 INFO  TestFlowDE2:58 - login succesfully
2018-11-21 17:44:16 INFO  TestFlowDE2:70 - Insert Customer for credit amount = 5000
2018-11-21 17:46:39 INFO  TestFlowDE1:36 - start load data 
2018-11-21 17:46:43 INFO  TestFlowDE1:39 - end start load data 
2018-11-21 17:46:43 INFO  TestFlowDE1:40 - check login page 
2018-11-21 17:46:45 INFO  TestFlowDE1:44 - login page loadded correctly
2018-11-21 17:46:45 INFO  TestFlowDE1:45 - perform login
2018-11-21 17:46:51 INFO  TestFlowDE1:58 - login succesfully
2018-11-21 17:47:06 INFO  TestFlowDE1:70 - Insert Customer for credit amount = 5000
2018-11-21 17:47:57 INFO  TestFlowDE2:36 - start load data 
2018-11-21 17:48:00 INFO  TestFlowDE2:39 - end start load data 
2018-11-21 17:48:00 INFO  TestFlowDE2:40 - check login page 
2018-11-21 17:48:04 INFO  TestFlowDE2:44 - login page loadded correctly
2018-11-21 17:48:04 INFO  TestFlowDE2:45 - perform login
2018-11-21 17:48:09 INFO  TestFlowDE2:58 - login succesfully
2018-11-21 17:48:25 INFO  TestFlowDE2:70 - Insert Customer for credit amount = 5000
2018-11-22 12:06:49 INFO  TestFlowDE1:36 - start load data 
2018-11-22 12:06:53 INFO  TestFlowDE1:39 - end start load data 
2018-11-22 12:06:53 INFO  TestFlowDE1:40 - check login page 
2018-11-22 12:06:56 INFO  TestFlowDE1:44 - login page loadded correctly
2018-11-22 12:06:56 INFO  TestFlowDE1:45 - perform login
2018-11-22 12:07:02 INFO  TestFlowDE1:58 - login succesfully
2018-11-22 12:07:22 INFO  TestFlowDE1:70 - Insert Customer for credit amount = 5000
2018-11-22 12:08:13 INFO  TestFlowDE2:36 - start load data 
2018-11-22 12:08:16 INFO  TestFlowDE2:39 - end start load data 
2018-11-22 12:08:16 INFO  TestFlowDE2:40 - check login page 
2018-11-22 12:08:21 INFO  TestFlowDE2:44 - login page loadded correctly
2018-11-22 12:08:21 INFO  TestFlowDE2:45 - perform login
2018-11-22 12:08:27 INFO  TestFlowDE2:58 - login succesfully
2018-11-22 12:08:47 INFO  TestFlowDE2:70 - Insert Customer for credit amount = 5000
2018-11-22 21:36:23 INFO  TestFlowDE1:36 - start load data 
2018-11-22 21:36:27 INFO  TestFlowDE1:39 - end start load data 
2018-11-22 21:36:27 INFO  TestFlowDE1:40 - check login page 
2018-11-22 21:36:31 INFO  TestFlowDE1:44 - login page loadded correctly
2018-11-22 21:36:31 INFO  TestFlowDE1:45 - perform login
2018-11-22 21:36:37 INFO  TestFlowDE1:58 - login succesfully
2018-11-22 21:36:55 INFO  TestFlowDE1:70 - Insert Customer for credit amount = 5000
2018-11-22 21:37:52 INFO  TestFlowDE2:36 - start load data 
2018-11-22 21:37:59 INFO  TestFlowDE2:39 - end start load data 
2018-11-22 21:37:59 INFO  TestFlowDE2:40 - check login page 
2018-11-22 21:38:05 INFO  TestFlowDE2:44 - login page loadded correctly
2018-11-22 21:38:05 INFO  TestFlowDE2:45 - perform login
2018-11-22 21:38:11 INFO  TestFlowDE2:58 - login succesfully
2018-11-22 21:38:32 INFO  TestFlowDE2:70 - Insert Customer for credit amount = 5000
2018-12-05 14:43:47 INFO  TestFlowDE1:36 - start load data 
2018-12-05 14:43:56 INFO  TestFlowDE2:36 - start load data 
2018-12-05 14:44:24 INFO  TestFlowDE1:36 - start load data 
2018-12-05 14:44:27 INFO  TestFlowDE1:39 - end start load data 
2018-12-05 14:44:27 INFO  TestFlowDE1:40 - check login page 
2018-12-05 14:44:57 INFO  TestFlowDE2:36 - start load data 
2018-12-05 14:51:56 INFO  TestFlowDE1:36 - start load data 
2018-12-05 14:52:12 INFO  TestFlowDE1:39 - end start load data 
2018-12-05 14:52:12 INFO  TestFlowDE1:40 - check login page 
2018-12-05 14:52:15 INFO  TestFlowDE1:44 - login page loadded correctly
2018-12-05 14:52:15 INFO  TestFlowDE1:45 - perform login
2018-12-05 14:52:22 INFO  TestFlowDE1:58 - login succesfully
2018-12-05 14:52:35 INFO  TestFlowDE1:70 - Insert Customer for credit amount = 5000
2018-12-05 14:53:27 INFO  TestFlowDE2:36 - start load data 
2018-12-05 14:53:36 INFO  TestFlowDE2:39 - end start load data 
2018-12-05 14:53:36 INFO  TestFlowDE2:40 - check login page 
2018-12-05 14:53:39 INFO  TestFlowDE2:44 - login page loadded correctly
2018-12-05 14:53:39 INFO  TestFlowDE2:45 - perform login
2018-12-05 14:53:46 INFO  TestFlowDE2:58 - login succesfully
2018-12-05 14:53:59 INFO  TestFlowDE2:70 - Insert Customer for credit amount = 5000
2018-12-05 14:55:10 INFO  TestFlowDE1:36 - start load data 
2018-12-05 14:55:12 INFO  TestFlowDE1:39 - end start load data 
2018-12-05 14:55:12 INFO  TestFlowDE1:40 - check login page 
2018-12-05 14:55:14 INFO  TestFlowDE1:44 - login page loadded correctly
2018-12-05 14:55:14 INFO  TestFlowDE1:45 - perform login
2018-12-05 14:55:21 INFO  TestFlowDE1:58 - login succesfully
2018-12-05 14:55:35 INFO  TestFlowDE1:70 - Insert Customer for credit amount = 5000
2018-12-05 14:56:27 INFO  TestFlowDE2:36 - start load data 
2018-12-05 14:57:22 INFO  TestFlowDE1:36 - start load data 
2018-12-05 14:57:25 INFO  TestFlowDE1:39 - end start load data 
2018-12-05 14:57:25 INFO  TestFlowDE1:40 - check login page 
2018-12-05 14:57:27 INFO  TestFlowDE1:44 - login page loadded correctly
2018-12-05 14:57:27 INFO  TestFlowDE1:45 - perform login
2018-12-05 14:57:33 INFO  TestFlowDE1:58 - login succesfully
2018-12-05 14:57:46 INFO  TestFlowDE1:70 - Insert Customer for credit amount = 5000
2018-12-05 14:58:37 INFO  TestFlowDE2:36 - start load data 
2018-12-05 14:58:39 INFO  TestFlowDE2:39 - end start load data 
2018-12-05 14:58:39 INFO  TestFlowDE2:40 - check login page 
2018-12-05 14:58:40 INFO  TestFlowDE2:44 - login page loadded correctly
2018-12-05 14:58:40 INFO  TestFlowDE2:45 - perform login
2018-12-05 14:58:46 INFO  TestFlowDE2:58 - login succesfully
2018-12-05 14:58:59 INFO  TestFlowDE2:70 - Insert Customer for credit amount = 5000
2018-12-11 18:34:01 INFO  TestFlowDE1:36 - start load data 
2019-01-15 13:13:41 INFO  TestFlowDE1:36 - start load data 
2019-01-15 13:13:41 INFO  TestFlowDE2:36 - start load data 
2019-01-15 13:14:17 INFO  TestFlowDE1:36 - start load data 
2019-01-15 13:14:17 INFO  TestFlowDE2:36 - start load data 
2019-01-15 13:17:09 INFO  TestFlowDE1:36 - start load data 
2019-01-15 13:17:10 INFO  TestFlowDE2:36 - start load data 
2019-01-15 17:19:48 INFO  TestFlowDE1:36 - start load data 
2019-01-15 17:19:49 INFO  TestFlowDE2:36 - start load data 
2019-01-15 17:22:00 INFO  TestFlowDE1:36 - start load data 
2019-01-15 17:22:01 INFO  TestFlowDE2:36 - start load data 
2019-01-15 17:32:45 INFO  TestFlowDE1:36 - start load data 
2019-01-15 17:32:46 INFO  TestFlowDE2:36 - start load data 
2019-01-15 17:33:35 INFO  TestFlowDE1:36 - start load data 
2019-01-15 17:33:36 INFO  TestFlowDE2:36 - start load data 
2019-01-15 17:34:10 INFO  TestFlowDE1:36 - start load data 
2019-01-15 17:34:21 INFO  TestFlowDE1:39 - end start load data 
2019-01-15 17:34:21 INFO  TestFlowDE1:40 - check login page 
2019-01-15 17:34:51 INFO  TestFlowDE2:36 - start load data 
2019-01-15 17:35:01 INFO  TestFlowDE2:39 - end start load data 
2019-01-15 17:35:01 INFO  TestFlowDE2:40 - check login page 
2019-01-16 16:38:07 INFO  TestFlowDE1:36 - start load data 
2019-01-16 16:38:08 INFO  TestFlowDE2:36 - start load data 
2019-01-16 16:38:37 INFO  TestFlowDE1:36 - start load data 
2019-01-16 16:38:40 INFO  TestFlowDE2:36 - start load data 
2019-01-16 16:41:01 INFO  TestFlowDE1:36 - start load data 
2019-01-16 16:41:13 INFO  TestFlowDE1:39 - end start load data 
2019-01-16 16:41:13 INFO  TestFlowDE1:40 - check login page 
2019-01-16 16:41:44 INFO  TestFlowDE2:36 - start load data 
2019-01-16 16:41:55 INFO  TestFlowDE2:39 - end start load data 
2019-01-16 16:41:55 INFO  TestFlowDE2:40 - check login page 
