2018-11-14 11:33:55 INFO  TestFlowDE:100 - Insert Customer for credit amount = 5000
2018-11-14 11:36:39 INFO  TestFlowDE:100 - Insert Customer for credit amount = 5000
2018-11-14 13:56:05 INFO  TestFlowDE:100 - Insert Customer for credit amount = 5000
2018-11-14 17:08:38 INFO  TestFlowDE:100 - Insert Customer for credit amount = 5000
2018-11-14 17:13:09 INFO  TestFlowDE:100 - Insert Customer for credit amount = 5000
2018-11-14 17:16:21 INFO  TestFlowDE:100 - Insert Customer for credit amount = 5000
2018-11-14 17:21:51 INFO  TestFlowDE:100 - Insert Customer for credit amount = 5000
2018-11-14 19:03:09 INFO  TestFlowDE:100 - Insert Customer for credit amount = 5000
2018-11-14 19:05:34 INFO  TestFlowDE:93 - Insert Customer for credit amount = 5000
2018-11-14 19:22:28 INFO  TestFlowDE:93 - Insert Customer for credit amount = 5000
2018-11-14 19:50:15 INFO  TestFlowDE:93 - Insert Customer for credit amount = 5000
2018-11-14 19:52:20 INFO  TestFlowDE:93 - Insert Customer for credit amount = 5000
2018-11-14 19:53:38 INFO  TestFlowDE:93 - Insert Customer for credit amount = 5000
2018-11-14 19:56:57 INFO  TestFlowDE:93 - Insert Customer for credit amount = 5000
2018-11-14 20:08:52 INFO  TestFlowDE:93 - Insert Customer for credit amount = 5000
2018-11-15 15:09:32 INFO  TestFlowDE:97 - Insert Customer for credit amount = 5000
2018-11-15 15:11:50 INFO  TestFlowDE:97 - Insert Customer for credit amount = 5000
2018-11-15 15:48:05 INFO  TestFlowDE:97 - Insert Customer for credit amount = 5000
2018-11-15 15:51:11 INFO  TestFlowDE:97 - Insert Customer for credit amount = 5000
2018-11-15 16:03:48 INFO  TestFlowDE:97 - Insert Customer for credit amount = 5000
2018-11-15 21:37:20 INFO  TestFlowDE:98 - Insert Customer for credit amount = 5000
2018-11-15 21:42:44 INFO  TestFlowDE:98 - Insert Customer for credit amount = 5000
2018-11-15 21:45:52 INFO  TestFlowDE:98 - Insert Customer for credit amount = 5000
2018-11-15 21:48:33 INFO  TestFlowDE:98 - Insert Customer for credit amount = 5000
2018-11-15 21:54:56 INFO  TestFlowDE:100 - Insert Customer for credit amount = 5000
2018-11-16 12:48:45 INFO  TestFlowDE:99 - Insert Customer for credit amount = 5000
2018-11-16 12:57:10 INFO  TestFlowDE:99 - Insert Customer for credit amount = 5000
2018-11-16 12:59:20 INFO  TestFlowDE:99 - Insert Customer for credit amount = 5000
2018-11-16 13:07:21 INFO  TestFlowDE:59 - start load data 
2018-11-16 13:07:25 INFO  TestFlowDE:62 - end start load data 
2018-11-16 13:07:25 INFO  TestFlowDE:64 - check login page load succesfully
2018-11-16 13:07:31 INFO  TestFlowDE:74 - login page loadded correctly
2018-11-16 13:07:31 INFO  TestFlowDE:76 - perform login
2018-11-16 13:07:32 INFO  TestFlowDE:82 - login succesfully
2018-11-16 13:07:59 INFO  TestFlowDE:111 - Insert Customer for credit amount = 5000
